Message
Course statuses refreshed.
StudentID	CalculatedGPA
8	0.00
EnrollmentID	PaymentID	TransactionID	StudentName	CourseTitle	Message
11	11	TRX-20260610-393423	Omar Student	Algorithms	Enrollment completed successfully.
ERROR 1644 (45000) at line 1494: Cannot resubmit: assignment already graded.
StudentID	CalculatedGPA
4	17.00
SubmissionID	StudentID	CourseID	CourseFinalScore	Message
7	4	5	16.00	Submission graded successfully.
AttendanceID	Message
7	Attendance recorded.
CertificatesIssued	Message
2	Certificate issuance completed.
CertificatesIssued	Message
2	Certificate issuance completed.
EnrollmentID	RefundTransactionID	Message
4	RFN-20260610-520455	Enrollment canceled successfully.
StudentGPA
17.00
StudentID	FullName	Email	EnrollmentDate	EnrollmentStatus	FinalScore	ProgressPercent	GPA
4	John Student	john.student@onlineschool.test	2026-02-11 10:49:11	Successful	18.00	100	17.00
5	Mary Student	mary.student@onlineschool.test	2026-02-12 10:49:11	Successful	15.00	100	0.00
6	Chris Student	chris.student@onlineschool.test	2026-02-13 10:49:11	Successful	9.00	100	0.00
StudentID	FullName	Email	GPA	Status
4	John Student	john.student@onlineschool.test	17.00	Active
6	Chris Student	chris.student@onlineschool.test	0.00	Active
11	Eva Student	eva.student@onlineschool.test	0.00	Inactive
7	Lily Student	lily.student@onlineschool.test	0.00	Active
5	Mary Student	mary.student@onlineschool.test	0.00	Active
TeacherID	TeacherName	CourseID	CourseTitle	Income
2	Alice Teacher	1	SQL Basics	3600.00
2	Alice Teacher	5	Algorithms	2800.00
3	Bob Teacher	4	Networks	2000.00
2	Alice Teacher	2	Database Design	1500.00
3	Bob Teacher	3	AI Fundamentals	0.00
CourseID	Title	Status	SuccessfulEnrollments
1	SQL Basics	Completed	3
5	Algorithms	Active	2
4	Networks	Completed	2
3	AI Fundamentals	Upcoming	0
2	Database Design	Active	0
CourseID	Title	SuccessfulCount	PendingCount	FailedCount	DroppedCount
1	SQL Basics	3	0	0	0
2	Database Design	0	1	0	1
3	AI Fundamentals	0	0	0	0
4	Networks	2	0	0	0
5	Algorithms	2	0	1	1
StudentID	FullName	Email	Status	LastActivityDate
6	Chris Student	chris.student@onlineschool.test	Active	2026-03-04 10:49:11
9	Nina Student	nina.student@onlineschool.test	Active	2026-05-01 10:49:11
5	Mary Student	mary.student@onlineschool.test	Active	2026-05-02 10:49:11
11	Eva Student	eva.student@onlineschool.test	Inactive	2026-05-28 10:49:11
PaymentID	StudentName	CourseTitle	Amount	PaymentDate	TransactionID	Status
7	Paul Student	Algorithms	1400.00	2026-05-27 10:49:11	TXN-000007	Failed
CourseID	Title	AverageScore	MedianScore	PassedCount	FailedCount
1	SQL Basics	14.000000	15.000000	2	1
2	Database Design	14.000000	14.000000	1	0
4	Networks	14.000000	14.000000	2	0
5	Algorithms	16.000000	16.000000	1	0
StudentName	CourseTitle	SessionDate	Status	AttendancePercent
John Student	SQL Basics	2026-02-20	Present	100.00
ReportMonth	TransactionCount	SuccessfulAmount	RefundedAmount
2	3	3600.00	0.00
4	2	2000.00	0.00
5	3	1400.00	1400.00
6	4	2900.00	1500.00
TeacherID	TeacherName	Score
2	Alice Teacher	7900.00
3	Bob Teacher	2000.00
StudentID	FullName	Email	CourseID	CourseTitle	EnrollmentDate	EnrollmentStatus	FinalScore	GPA
4	John Student	john.student@onlineschool.test	1	SQL Basics	2026-02-11 10:49:11	Successful	18.00	17.00
4	John Student	john.student@onlineschool.test	5	Algorithms	2026-05-29 10:49:11	Successful	16.00	17.00
5	Mary Student	mary.student@onlineschool.test	1	SQL Basics	2026-02-12 10:49:11	Successful	15.00	0.00
5	Mary Student	mary.student@onlineschool.test	4	Networks	2026-04-13 10:49:11	Successful	11.00	0.00
6	Chris Student	chris.student@onlineschool.test	1	SQL Basics	2026-02-13 10:49:11	Successful	9.00	0.00
7	Lily Student	lily.student@onlineschool.test	2	Database Design	2026-06-01 10:49:11	Dropped	14.00	0.00
8	Omar Student	omar.student@onlineschool.test	2	Database Design	2026-06-02 10:49:11	Pending	NULL	0.00
8	Omar Student	omar.student@onlineschool.test	5	Algorithms	2026-06-10 10:49:39	Successful	NULL	0.00
9	Nina Student	nina.student@onlineschool.test	4	Networks	2026-04-12 10:49:11	Successful	17.00	0.00
10	Paul Student	paul.student@onlineschool.test	5	Algorithms	2026-05-27 10:49:11	Failed	NULL	0.00
11	Eva Student	eva.student@onlineschool.test	5	Algorithms	2026-05-28 10:49:11	Dropped	NULL	0.00
TeacherID	TeacherName	CourseCount	StudentCount	TotalIncome
2	Alice Teacher	3	4	6400.00
3	Bob Teacher	2	2	2000.00
CourseID	Title	Status	Capacity	SuccessfulEnrollments	PendingEnrollments	FailedEnrollments	DroppedEnrollments	AverageScore
1	SQL Basics	Completed	3	3	0	0	0	14.000000
2	Database Design	Active	4	0	1	0	1	14.000000
3	AI Fundamentals	Upcoming	4	0	0	0	0	NULL
4	Networks	Completed	5	2	0	0	0	14.000000
5	Algorithms	Active	5	2	0	1	1	16.000000
ReportYear	ReportMonth	TransactionCount	SuccessfulAmount	RefundedAmount
2026	2	3	3600.00	0.00
2026	6	4	2900.00	1500.00
2026	4	2	2000.00	0.00
2026	5	3	1400.00	1400.00
CertificateID	CertificateCode	IssueDate	StudentID	StudentName	CourseID	CourseTitle
1	CERT-1-4-20260610-764416	2026-06-10 10:49:41	4	John Student	1	SQL Basics
2	CERT-1-5-20260610-641809	2026-06-10 10:49:41	5	Mary Student	1	SQL Basics
4	CERT-4-9-20260610-915799	2026-06-10 10:49:41	9	Nina Student	4	Networks
5	CERT-4-5-20260610-653571	2026-06-10 10:49:41	5	Mary Student	4	Networks
ReportYear	ReportMonth	TotalRevenue
2025	1	0.00
